<?xml version="1.0" encoding="UTF-8"?>
<!-- Generated by org.testng.reporters.JUnitXMLReporter -->
<testsuite ignored="0" hostname="LAPTOP-8PAA0CNP" failures="1" tests="2" name="Test" time="66.855" errors="0" timestamp="2021-10-04T15:21:13 IST">
  <testcase classname="com_urbandecay_TestCases.LoginTests" name="verifyLoginValidcredentials" time="5.396">
    <failure type="java.lang.IllegalArgumentException" message="Keys to send should be a not null CharSequence">
      <![CDATA[java.lang.IllegalArgumentException: Keys to send should be a not null CharSequence
at org.openqa.selenium.remote.RemoteWebElement.sendKeys(RemoteWebElement.java:97)
at org.openqa.selenium.support.pagefactory.internal.LocatingElementHandler.invoke(LocatingElementHandler.java:51)
at jdk.proxy2/jdk.proxy2.$Proxy12.sendKeys(Unknown Source)
at com_urbandecay_Page.Login_Page.enterlogincredentails(Login_Page.java:59)
at com_urbandecay_TestCases.LoginTests.verifyLoginValidcredentials(LoginTests.java:23)
at java.base/java.util.ArrayList.forEach(ArrayList.java:1511)
... Removed 31 stack frames]]>
    </failure>
  </testcase> <!-- verifyLoginValidcredentials -->
  <testcase classname="com_urbandecay_TestCases.LoginTests" name="verifyLogin_With_InValidcredentials" time="17.433"/>
</testsuite> <!-- Test -->
